<?xml version="1.0" encoding="UTF-8"?>
<!-- Generated by org.testng.reporters.JUnitXMLReporter -->
<testsuite ignored="0" hostname="DESKTOP-S934G45" failures="0" tests="3" name="Submit Order Test" time="72.287" errors="0" timestamp="2026-06-29T19:06:18 IST">
  <testcase classname="Automation.SeleniumFrameworkDesign.StandAloneTest2" name="SubmitOrder" time="15.149"/>
  <testcase classname="Automation.SeleniumFrameworkDesign.StandAloneTest2" name="SubmitOrder" time="31.522"/>
  <testcase classname="Automation.SeleniumFrameworkDesign.StandAloneTest2" name="orderHistoryTest" time="6.494"/>
</testsuite> <!-- Submit Order Test -->
