<?xml version="1.0" encoding="UTF-8"?>
<!-- Generated by org.testng.reporters.JUnitXMLReporter -->
<testsuite ignored="0" hostname="DESKTOP-S934G45" failures="1" tests="3" name="Error Validation" time="52.154" errors="0" timestamp="2026-06-30T00:16:22 IST">
  <testcase classname="Automation.SeleniumFrameworkDesign.Errorvalidation" name="loginErrorValidation" time="3.002">
    <skipped/>
  </testcase> <!-- loginErrorValidation -->
  <testcase classname="Automation.SeleniumFrameworkDesign.Errorvalidation" name="loginErrorValidation" time="1.438">
    <failure type="java.lang.AssertionError" message="expected [Incorrect email or password.] but found [Incorrect email  password.]">
      <![CDATA[java.lang.AssertionError: expected [Incorrect email or password.] but found [Incorrect email  password.]
at Automation.SeleniumFrameworkDesign.Errorvalidation.loginErrorValidation(Errorvalidation.java:23)
at java.base/java.util.ArrayList.forEach(ArrayList.java:1596)
at java.base/java.util.concurrent.FutureTask.run(FutureTask.java:317)
at java.base/java.util.concurrent.ThreadPoolExecutor.runWorker(ThreadPoolExecutor.java:1144)
at java.base/java.util.concurrent.ThreadPoolExecutor$Worker.run(ThreadPoolExecutor.java:642)
at java.base/java.lang.Thread.run(Thread.java:1583)
... Removed 21 stack frames]]>
    </failure>
  </testcase> <!-- loginErrorValidation -->
  <testcase classname="Automation.SeleniumFrameworkDesign.Errorvalidation" name="productErrorValidation" time="8.081"/>
</testsuite> <!-- Error Validation -->
