<?xml version="1.0" encoding="UTF-8"?>
<!-- Generated by org.testng.reporters.JUnitXMLReporter -->
<testsuite ignored="0" hostname="DESKTOP-S934G45" failures="0" tests="3" name="Submit Order Test" time="60.702" errors="0" timestamp="2026-06-30T00:16:30 IST">
  <testcase classname="Automation.SeleniumFrameworkDesign.StandAloneTest2" name="SubmitOrder" time="11.021"/>
  <testcase classname="Automation.SeleniumFrameworkDesign.StandAloneTest2" name="SubmitOrder" time="10.396"/>
  <testcase classname="Automation.SeleniumFrameworkDesign.StandAloneTest2" name="orderHistoryTest" time="2.376"/>
</testsuite> <!-- Submit Order Test -->
