<?xml version="1.0" encoding="UTF-8"?>
<!-- Generated by org.testng.reporters.JUnitReportReporter -->
<testsuite hostname="DESKTOP-S934G45" failures="0" tests="3" name="Automation.SeleniumFrameworkDesign.StandAloneTest2" time="71.369" errors="0" timestamp="2026-06-29T19:06:19 IST" skipped="0">
  <testcase classname="Automation.SeleniumFrameworkDesign.StandAloneTest2" name="orderHistoryTest" time="8.616"/>
  <testcase classname="Automation.SeleniumFrameworkDesign.StandAloneTest2" name="SubmitOrder" time="26.996"/>
  <testcase classname="Automation.SeleniumFrameworkDesign.StandAloneTest2" name="SubmitOrder" time="35.757"/>
</testsuite> <!-- Automation.SeleniumFrameworkDesign.StandAloneTest2 -->
