<?xml version="1.0" encoding="UTF-8"?>
<!-- Generated by org.testng.reporters.JUnitReportReporter -->
<testsuite hostname="DESKTOP-S934G45" failures="0" tests="3" name="Automation.SeleniumFrameworkDesign.StandAloneTest2" time="59.931" errors="0" timestamp="2026-06-30T00:16:30 IST" skipped="0">
  <testcase classname="Automation.SeleniumFrameworkDesign.StandAloneTest2" name="orderHistoryTest" time="13.811"/>
  <testcase classname="Automation.SeleniumFrameworkDesign.StandAloneTest2" name="SubmitOrder" time="24.667"/>
  <testcase classname="Automation.SeleniumFrameworkDesign.StandAloneTest2" name="SubmitOrder" time="21.453"/>
</testsuite> <!-- Automation.SeleniumFrameworkDesign.StandAloneTest2 -->
